<?xml version="1.0" encoding="UTF-8"?>
<testsuite xmlns:xsi="http://www.w3.org/2001/XMLSchema-instance" xsi:noNamespaceSchemaLocation="https://maven.apache.org/surefire/maven-surefire-plugin/xsd/surefire-test-report-3.0.xsd" version="3.0" name="com.maxim.service.UserServiceTest" time="0.18" tests="7" errors="0" skipped="0" failures="0">
  <properties>
[...]
</properties>
  <testcase name="loginSuccessIfUserExists" classname="com.maxim.service.UserServiceTest" time="0.108">
    <system-out><![CDATA[Before all: 
Before each: com.maxim.service.UserServiceTest@8f4ea7c
After each: com.maxim.service.UserServiceTest@8f4ea7c
]]></system-out>
  </testcase>
  <testcase name="usersSizeIfUserAdded" classname="com.maxim.service.UserServiceTest" time="0.008">
    <system-out><![CDATA[Before each: com.maxim.service.UserServiceTest@6a2b953e
Test 2: com.maxim.service.UserServiceTest@6a2b953e
After each: com.maxim.service.UserServiceTest@6a2b953e
]]></system-out>
  </testcase>
  <testcase name="usersConvertedToMapById" classname="com.maxim.service.UserServiceTest" time="0.011">
    <system-out><![CDATA[Before each: com.maxim.service.UserServiceTest@2a266d09
After each: com.maxim.service.UserServiceTest@2a266d09
]]></system-out>
  </testcase>
  <testcase name="loginFailIfPasswordNotCorrect" classname="com.maxim.service.UserServiceTest" time="0.003">
    <system-out><![CDATA[Before each: com.maxim.service.UserServiceTest@53aad5d5
After each: com.maxim.service.UserServiceTest@53aad5d5
]]></system-out>
  </testcase>
  <testcase name="usersEmptyIfNoUserAdded" classname="com.maxim.service.UserServiceTest" time="0.002">
    <system-out><![CDATA[Before each: com.maxim.service.UserServiceTest@4a668b6e
Test 1: com.maxim.service.UserServiceTest@4a668b6e
After each: com.maxim.service.UserServiceTest@4a668b6e
]]></system-out>
  </testcase>
  <testcase name="throwExceptionIfUserNameOrPasswordIsNull" classname="com.maxim.service.UserServiceTest" time="0.005">
    <system-out><![CDATA[Before each: com.maxim.service.UserServiceTest@5f683daf
After each: com.maxim.service.UserServiceTest@5f683daf
]]></system-out>
  </testcase>
  <testcase name="loginFailIfUserDoesNotExist" classname="com.maxim.service.UserServiceTest" time="0.002">
    <system-out><![CDATA[Before each: com.maxim.service.UserServiceTest@4e268090
After each: com.maxim.service.UserServiceTest@4e268090
]]></system-out>
  </testcase>
</testsuite>